[2025-10-08 07:02:38] production.ERROR: SQLSTATE[HY000] [2002] Connection refused (Connection: mysql, SQL: select distinct `state` from `state_city`) {"exception":"[object] (Illuminate\\Database\\QueryException(code: 2002): SQLSTATE[HY000] [2002] Connection refused (Connection: mysql, SQL: select distinct `state` from `state_city`) at /home/u261892001/domains/bulkbasketindia.com/public_html/store/vendor/laravel/framework/src/Illuminate/Database/Connection.php:823)
[stacktrace]
#0 /home/u261892001/domains/bulkbasketindia.com/public_html/store/vendor/laravel/framework/src/Illuminate/Database/Connection.php(977): Illuminate\\Database\\Connection->runQueryCallback()
#1 /home/u261892001/domains/bulkbasketindia.com/public_html/store/vendor/laravel/framework/src/Illuminate/Database/Connection.php(956): Illuminate\\Database\\Connection->tryAgainIfCausedByLostConnection()
#2 /home/u261892001/domains/bulkbasketindia.com/public_html/store/vendor/laravel/framework/src/Illuminate/Database/Connection.php(779): Illuminate\\Database\\Connection->handleQueryException()
#3 /home/u261892001/domains/bulkbasketindia.com/public_html/store/vendor/laravel/framework/src/Illuminate/Database/Connection.php(396): Illuminate\\Database\\Connection->run()
#4 /home/u261892001/domains/bulkbasketindia.com/public_html/store/vendor/laravel/framework/src/Illuminate/Database/Query/Builder.php(3106): Illuminate\\Database\\Connection->select()
#5 /home/u261892001/domains/bulkbasketindia.com/public_html/store/vendor/laravel/framework/src/Illuminate/Database/Query/Builder.php(3091): Illuminate\\Database\\Query\\Builder->runSelect()
#6 /home/u261892001/domains/bulkbasketindia.com/public_html/store/vendor/laravel/framework/src/Illuminate/Database/Query/Builder.php(3676): Illuminate\\Database\\Query\\Builder->Illuminate\\Database\\Query\\{closure}()
#7 /home/u261892001/domains/bulkbasketindia.com/public_html/store/vendor/laravel/framework/src/Illuminate/Database/Query/Builder.php(3090): Illuminate\\Database\\Query\\Builder->onceWithColumns()
#8 /home/u261892001/domains/bulkbasketindia.com/public_html/store/app/Providers/AppServiceProvider.php(25): Illuminate\\Database\\Query\\Builder->get()
#9 /home/u261892001/domains/bulkbasketindia.com/public_html/store/vendor/laravel/framework/src/Illuminate/Container/BoundMethod.php(36): App\\Providers\\AppServiceProvider->boot()
#10 /home/u261892001/domains/bulkbasketindia.com/public_html/store/vendor/laravel/framework/src/Illuminate/Container/Util.php(43): Illuminate\\Container\\BoundMethod::Illuminate\\Container\\{closure}()
#11 /home/u261892001/domains/bulkbasketindia.com/public_html/store/vendor/laravel/framework/src/Illuminate/Container/BoundMethod.php(95): Illuminate\\Container\\Util::unwrapIfClosure()
#12 /home/u261892001/domains/bulkbasketindia.com/public_html/store/vendor/laravel/framework/src/Illuminate/Container/BoundMethod.php(35): Illuminate\\Container\\BoundMethod::callBoundMethod()
#13 /home/u261892001/domains/bulkbasketindia.com/public_html/store/vendor/laravel/framework/src/Illuminate/Container/Container.php(754): Illuminate\\Container\\BoundMethod::call()
#14 /home/u261892001/domains/bulkbasketindia.com/public_html/store/vendor/laravel/framework/src/Illuminate/Foundation/Application.php(1151): Illuminate\\Container\\Container->call()
#15 /home/u261892001/domains/bulkbasketindia.com/public_html/store/vendor/laravel/framework/src/Illuminate/Foundation/Application.php(1132): Illuminate\\Foundation\\Application->bootProvider()
#16 [internal function]: Illuminate\\Foundation\\Application->Illuminate\\Foundation\\{closure}()
#17 /home/u261892001/domains/bulkbasketindia.com/public_html/store/vendor/laravel/framework/src/Illuminate/Foundation/Application.php(1131): array_walk()
#18 /home/u261892001/domains/bulkbasketindia.com/public_html/store/vendor/laravel/framework/src/Illuminate/Foundation/Bootstrap/BootProviders.php(17): Illuminate\\Foundation\\Application->boot()
#19 /home/u261892001/domains/bulkbasketindia.com/public_html/store/vendor/laravel/framework/src/Illuminate/Foundation/Application.php(342): Illuminate\\Foundation\\Bootstrap\\BootProviders->bootstrap()
#20 /home/u261892001/domains/bulkbasketindia.com/public_html/store/vendor/laravel/framework/src/Illuminate/Foundation/Http/Kernel.php(187): Illuminate\\Foundation\\Application->bootstrapWith()
#21 /home/u261892001/domains/bulkbasketindia.com/public_html/store/vendor/laravel/framework/src/Illuminate/Foundation/Http/Kernel.php(171): Illuminate\\Foundation\\Http\\Kernel->bootstrap()
#22 /home/u261892001/domains/bulkbasketindia.com/public_html/store/vendor/laravel/framework/src/Illuminate/Foundation/Http/Kernel.php(145): Illuminate\\Foundation\\Http\\Kernel->sendRequestThroughRouter()
#23 /home/u261892001/domains/bulkbasketindia.com/public_html/store/vendor/laravel/framework/src/Illuminate/Foundation/Application.php(1220): Illuminate\\Foundation\\Http\\Kernel->handle()
#24 /home/u261892001/domains/bulkbasketindia.com/public_html/store/public/index.php(20): Illuminate\\Foundation\\Application->handleRequest()
#25 {main}

[previous exception] [object] (PDOException(code: 2002): SQLSTATE[HY000] [2002] Connection refused at /home/u261892001/domains/bulkbasketindia.com/public_html/store/vendor/laravel/framework/src/Illuminate/Database/Connectors/Connector.php:66)
[stacktrace]
#0 /home/u261892001/domains/bulkbasketindia.com/public_html/store/vendor/laravel/framework/src/Illuminate/Database/Connectors/Connector.php(66): PDO->__construct()
#1 /home/u261892001/domains/bulkbasketindia.com/public_html/store/vendor/laravel/framework/src/Illuminate/Database/Connectors/Connector.php(85): Illuminate\\Database\\Connectors\\Connector->createPdoConnection()
#2 /home/u261892001/domains/bulkbasketindia.com/public_html/store/vendor/laravel/framework/src/Illuminate/Database/Connectors/Connector.php(48): Illuminate\\Database\\Connectors\\Connector->tryAgainIfCausedByLostConnection()
#3 /home/u261892001/domains/bulkbasketindia.com/public_html/store/vendor/laravel/framework/src/Illuminate/Database/Connectors/MySqlConnector.php(24): Illuminate\\Database\\Connectors\\Connector->createConnection()
#4 /home/u261892001/domains/bulkbasketindia.com/public_html/store/vendor/laravel/framework/src/Illuminate/Database/Connectors/ConnectionFactory.php(185): Illuminate\\Database\\Connectors\\MySqlConnector->connect()
#5 [internal function]: Illuminate\\Database\\Connectors\\ConnectionFactory->Illuminate\\Database\\Connectors\\{closure}()
#6 /home/u261892001/domains/bulkbasketindia.com/public_html/store/vendor/laravel/framework/src/Illuminate/Database/Connection.php(1229): call_user_func()
#7 /home/u261892001/domains/bulkbasketindia.com/public_html/store/vendor/laravel/framework/src/Illuminate/Database/Connection.php(1265): Illuminate\\Database\\Connection->getPdo()
#8 /home/u261892001/domains/bulkbasketindia.com/public_html/store/vendor/laravel/framework/src/Illuminate/Database/Connection.php(510): Illuminate\\Database\\Connection->getReadPdo()
#9 /home/u261892001/domains/bulkbasketindia.com/public_html/store/vendor/laravel/framework/src/Illuminate/Database/Connection.php(405): Illuminate\\Database\\Connection->getPdoForSelect()
#10 /home/u261892001/domains/bulkbasketindia.com/public_html/store/vendor/laravel/framework/src/Illuminate/Database/Connection.php(810): Illuminate\\Database\\Connection->Illuminate\\Database\\{closure}()
#11 /home/u261892001/domains/bulkbasketindia.com/public_html/store/vendor/laravel/framework/src/Illuminate/Database/Connection.php(977): Illuminate\\Database\\Connection->runQueryCallback()
#12 /home/u261892001/domains/bulkbasketindia.com/public_html/store/vendor/laravel/framework/src/Illuminate/Database/Connection.php(956): Illuminate\\Database\\Connection->tryAgainIfCausedByLostConnection()
#13 /home/u261892001/domains/bulkbasketindia.com/public_html/store/vendor/laravel/framework/src/Illuminate/Database/Connection.php(779): Illuminate\\Database\\Connection->handleQueryException()
#14 /home/u261892001/domains/bulkbasketindia.com/public_html/store/vendor/laravel/framework/src/Illuminate/Database/Connection.php(396): Illuminate\\Database\\Connection->run()
#15 /home/u261892001/domains/bulkbasketindia.com/public_html/store/vendor/laravel/framework/src/Illuminate/Database/Query/Builder.php(3106): Illuminate\\Database\\Connection->select()
#16 /home/u261892001/domains/bulkbasketindia.com/public_html/store/vendor/laravel/framework/src/Illuminate/Database/Query/Builder.php(3091): Illuminate\\Database\\Query\\Builder->runSelect()
#17 /home/u261892001/domains/bulkbasketindia.com/public_html/store/vendor/laravel/framework/src/Illuminate/Database/Query/Builder.php(3676): Illuminate\\Database\\Query\\Builder->Illuminate\\Database\\Query\\{closure}()
#18 /home/u261892001/domains/bulkbasketindia.com/public_html/store/vendor/laravel/framework/src/Illuminate/Database/Query/Builder.php(3090): Illuminate\\Database\\Query\\Builder->onceWithColumns()
#19 /home/u261892001/domains/bulkbasketindia.com/public_html/store/app/Providers/AppServiceProvider.php(25): Illuminate\\Database\\Query\\Builder->get()
#20 /home/u261892001/domains/bulkbasketindia.com/public_html/store/vendor/laravel/framework/src/Illuminate/Container/BoundMethod.php(36): App\\Providers\\AppServiceProvider->boot()
#21 /home/u261892001/domains/bulkbasketindia.com/public_html/store/vendor/laravel/framework/src/Illuminate/Container/Util.php(43): Illuminate\\Container\\BoundMethod::Illuminate\\Container\\{closure}()
#22 /home/u261892001/domains/bulkbasketindia.com/public_html/store/vendor/laravel/framework/src/Illuminate/Container/BoundMethod.php(95): Illuminate\\Container\\Util::unwrapIfClosure()
#23 /home/u261892001/domains/bulkbasketindia.com/public_html/store/vendor/laravel/framework/src/Illuminate/Container/BoundMethod.php(35): Illuminate\\Container\\BoundMethod::callBoundMethod()
#24 /home/u261892001/domains/bulkbasketindia.com/public_html/store/vendor/laravel/framework/src/Illuminate/Container/Container.php(754): Illuminate\\Container\\BoundMethod::call()
#25 /home/u261892001/domains/bulkbasketindia.com/public_html/store/vendor/laravel/framework/src/Illuminate/Foundation/Application.php(1151): Illuminate\\Container\\Container->call()
#26 /home/u261892001/domains/bulkbasketindia.com/public_html/store/vendor/laravel/framework/src/Illuminate/Foundation/Application.php(1132): Illuminate\\Foundation\\Application->bootProvider()
#27 [internal function]: Illuminate\\Foundation\\Application->Illuminate\\Foundation\\{closure}()
#28 /home/u261892001/domains/bulkbasketindia.com/public_html/store/vendor/laravel/framework/src/Illuminate/Foundation/Application.php(1131): array_walk()
#29 /home/u261892001/domains/bulkbasketindia.com/public_html/store/vendor/laravel/framework/src/Illuminate/Foundation/Bootstrap/BootProviders.php(17): Illuminate\\Foundation\\Application->boot()
#30 /home/u261892001/domains/bulkbasketindia.com/public_html/store/vendor/laravel/framework/src/Illuminate/Foundation/Application.php(342): Illuminate\\Foundation\\Bootstrap\\BootProviders->bootstrap()
#31 /home/u261892001/domains/bulkbasketindia.com/public_html/store/vendor/laravel/framework/src/Illuminate/Foundation/Http/Kernel.php(187): Illuminate\\Foundation\\Application->bootstrapWith()
#32 /home/u261892001/domains/bulkbasketindia.com/public_html/store/vendor/laravel/framework/src/Illuminate/Foundation/Http/Kernel.php(171): Illuminate\\Foundation\\Http\\Kernel->bootstrap()
#33 /home/u261892001/domains/bulkbasketindia.com/public_html/store/vendor/laravel/framework/src/Illuminate/Foundation/Http/Kernel.php(145): Illuminate\\Foundation\\Http\\Kernel->sendRequestThroughRouter()
#34 /home/u261892001/domains/bulkbasketindia.com/public_html/store/vendor/laravel/framework/src/Illuminate/Foundation/Application.php(1220): Illuminate\\Foundation\\Http\\Kernel->handle()
#35 /home/u261892001/domains/bulkbasketindia.com/public_html/store/public/index.php(20): Illuminate\\Foundation\\Application->handleRequest()
#36 {main}
"} 
[2025-10-31 11:00:18] production.ERROR: SQLSTATE[HY000] [2002] Connection refused (Connection: mysql, SQL: select distinct `state` from `state_city`) {"exception":"[object] (Illuminate\\Database\\QueryException(code: 2002): SQLSTATE[HY000] [2002] Connection refused (Connection: mysql, SQL: select distinct `state` from `state_city`) at /home/u261892001/domains/bulkbasketindia.com/public_html/store/vendor/laravel/framework/src/Illuminate/Database/Connection.php:823)
[stacktrace]
#0 /home/u261892001/domains/bulkbasketindia.com/public_html/store/vendor/laravel/framework/src/Illuminate/Database/Connection.php(977): Illuminate\\Database\\Connection->runQueryCallback()
#1 /home/u261892001/domains/bulkbasketindia.com/public_html/store/vendor/laravel/framework/src/Illuminate/Database/Connection.php(956): Illuminate\\Database\\Connection->tryAgainIfCausedByLostConnection()
#2 /home/u261892001/domains/bulkbasketindia.com/public_html/store/vendor/laravel/framework/src/Illuminate/Database/Connection.php(779): Illuminate\\Database\\Connection->handleQueryException()
#3 /home/u261892001/domains/bulkbasketindia.com/public_html/store/vendor/laravel/framework/src/Illuminate/Database/Connection.php(396): Illuminate\\Database\\Connection->run()
#4 /home/u261892001/domains/bulkbasketindia.com/public_html/store/vendor/laravel/framework/src/Illuminate/Database/Query/Builder.php(3106): Illuminate\\Database\\Connection->select()
#5 /home/u261892001/domains/bulkbasketindia.com/public_html/store/vendor/laravel/framework/src/Illuminate/Database/Query/Builder.php(3091): Illuminate\\Database\\Query\\Builder->runSelect()
#6 /home/u261892001/domains/bulkbasketindia.com/public_html/store/vendor/laravel/framework/src/Illuminate/Database/Query/Builder.php(3676): Illuminate\\Database\\Query\\Builder->Illuminate\\Database\\Query\\{closure}()
#7 /home/u261892001/domains/bulkbasketindia.com/public_html/store/vendor/laravel/framework/src/Illuminate/Database/Query/Builder.php(3090): Illuminate\\Database\\Query\\Builder->onceWithColumns()
#8 /home/u261892001/domains/bulkbasketindia.com/public_html/store/app/Providers/AppServiceProvider.php(25): Illuminate\\Database\\Query\\Builder->get()
#9 /home/u261892001/domains/bulkbasketindia.com/public_html/store/vendor/laravel/framework/src/Illuminate/Container/BoundMethod.php(36): App\\Providers\\AppServiceProvider->boot()
#10 /home/u261892001/domains/bulkbasketindia.com/public_html/store/vendor/laravel/framework/src/Illuminate/Container/Util.php(43): Illuminate\\Container\\BoundMethod::Illuminate\\Container\\{closure}()
#11 /home/u261892001/domains/bulkbasketindia.com/public_html/store/vendor/laravel/framework/src/Illuminate/Container/BoundMethod.php(95): Illuminate\\Container\\Util::unwrapIfClosure()
#12 /home/u261892001/domains/bulkbasketindia.com/public_html/store/vendor/laravel/framework/src/Illuminate/Container/BoundMethod.php(35): Illuminate\\Container\\BoundMethod::callBoundMethod()
#13 /home/u261892001/domains/bulkbasketindia.com/public_html/store/vendor/laravel/framework/src/Illuminate/Container/Container.php(754): Illuminate\\Container\\BoundMethod::call()
#14 /home/u261892001/domains/bulkbasketindia.com/public_html/store/vendor/laravel/framework/src/Illuminate/Foundation/Application.php(1151): Illuminate\\Container\\Container->call()
#15 /home/u261892001/domains/bulkbasketindia.com/public_html/store/vendor/laravel/framework/src/Illuminate/Foundation/Application.php(1132): Illuminate\\Foundation\\Application->bootProvider()
#16 [internal function]: Illuminate\\Foundation\\Application->Illuminate\\Foundation\\{closure}()
#17 /home/u261892001/domains/bulkbasketindia.com/public_html/store/vendor/laravel/framework/src/Illuminate/Foundation/Application.php(1131): array_walk()
#18 /home/u261892001/domains/bulkbasketindia.com/public_html/store/vendor/laravel/framework/src/Illuminate/Foundation/Bootstrap/BootProviders.php(17): Illuminate\\Foundation\\Application->boot()
#19 /home/u261892001/domains/bulkbasketindia.com/public_html/store/vendor/laravel/framework/src/Illuminate/Foundation/Application.php(342): Illuminate\\Foundation\\Bootstrap\\BootProviders->bootstrap()
#20 /home/u261892001/domains/bulkbasketindia.com/public_html/store/vendor/laravel/framework/src/Illuminate/Foundation/Http/Kernel.php(187): Illuminate\\Foundation\\Application->bootstrapWith()
#21 /home/u261892001/domains/bulkbasketindia.com/public_html/store/vendor/laravel/framework/src/Illuminate/Foundation/Http/Kernel.php(171): Illuminate\\Foundation\\Http\\Kernel->bootstrap()
#22 /home/u261892001/domains/bulkbasketindia.com/public_html/store/vendor/laravel/framework/src/Illuminate/Foundation/Http/Kernel.php(145): Illuminate\\Foundation\\Http\\Kernel->sendRequestThroughRouter()
#23 /home/u261892001/domains/bulkbasketindia.com/public_html/store/vendor/laravel/framework/src/Illuminate/Foundation/Application.php(1220): Illuminate\\Foundation\\Http\\Kernel->handle()
#24 /home/u261892001/domains/bulkbasketindia.com/public_html/store/public/index.php(20): Illuminate\\Foundation\\Application->handleRequest()
#25 {main}

[previous exception] [object] (PDOException(code: 2002): SQLSTATE[HY000] [2002] Connection refused at /home/u261892001/domains/bulkbasketindia.com/public_html/store/vendor/laravel/framework/src/Illuminate/Database/Connectors/Connector.php:66)
[stacktrace]
#0 /home/u261892001/domains/bulkbasketindia.com/public_html/store/vendor/laravel/framework/src/Illuminate/Database/Connectors/Connector.php(66): PDO->__construct()
#1 /home/u261892001/domains/bulkbasketindia.com/public_html/store/vendor/laravel/framework/src/Illuminate/Database/Connectors/Connector.php(85): Illuminate\\Database\\Connectors\\Connector->createPdoConnection()
#2 /home/u261892001/domains/bulkbasketindia.com/public_html/store/vendor/laravel/framework/src/Illuminate/Database/Connectors/Connector.php(48): Illuminate\\Database\\Connectors\\Connector->tryAgainIfCausedByLostConnection()
#3 /home/u261892001/domains/bulkbasketindia.com/public_html/store/vendor/laravel/framework/src/Illuminate/Database/Connectors/MySqlConnector.php(24): Illuminate\\Database\\Connectors\\Connector->createConnection()
#4 /home/u261892001/domains/bulkbasketindia.com/public_html/store/vendor/laravel/framework/src/Illuminate/Database/Connectors/ConnectionFactory.php(185): Illuminate\\Database\\Connectors\\MySqlConnector->connect()
#5 [internal function]: Illuminate\\Database\\Connectors\\ConnectionFactory->Illuminate\\Database\\Connectors\\{closure}()
#6 /home/u261892001/domains/bulkbasketindia.com/public_html/store/vendor/laravel/framework/src/Illuminate/Database/Connection.php(1229): call_user_func()
#7 /home/u261892001/domains/bulkbasketindia.com/public_html/store/vendor/laravel/framework/src/Illuminate/Database/Connection.php(1265): Illuminate\\Database\\Connection->getPdo()
#8 /home/u261892001/domains/bulkbasketindia.com/public_html/store/vendor/laravel/framework/src/Illuminate/Database/Connection.php(510): Illuminate\\Database\\Connection->getReadPdo()
#9 /home/u261892001/domains/bulkbasketindia.com/public_html/store/vendor/laravel/framework/src/Illuminate/Database/Connection.php(405): Illuminate\\Database\\Connection->getPdoForSelect()
#10 /home/u261892001/domains/bulkbasketindia.com/public_html/store/vendor/laravel/framework/src/Illuminate/Database/Connection.php(810): Illuminate\\Database\\Connection->Illuminate\\Database\\{closure}()
#11 /home/u261892001/domains/bulkbasketindia.com/public_html/store/vendor/laravel/framework/src/Illuminate/Database/Connection.php(977): Illuminate\\Database\\Connection->runQueryCallback()
#12 /home/u261892001/domains/bulkbasketindia.com/public_html/store/vendor/laravel/framework/src/Illuminate/Database/Connection.php(956): Illuminate\\Database\\Connection->tryAgainIfCausedByLostConnection()
#13 /home/u261892001/domains/bulkbasketindia.com/public_html/store/vendor/laravel/framework/src/Illuminate/Database/Connection.php(779): Illuminate\\Database\\Connection->handleQueryException()
#14 /home/u261892001/domains/bulkbasketindia.com/public_html/store/vendor/laravel/framework/src/Illuminate/Database/Connection.php(396): Illuminate\\Database\\Connection->run()
#15 /home/u261892001/domains/bulkbasketindia.com/public_html/store/vendor/laravel/framework/src/Illuminate/Database/Query/Builder.php(3106): Illuminate\\Database\\Connection->select()
#16 /home/u261892001/domains/bulkbasketindia.com/public_html/store/vendor/laravel/framework/src/Illuminate/Database/Query/Builder.php(3091): Illuminate\\Database\\Query\\Builder->runSelect()
#17 /home/u261892001/domains/bulkbasketindia.com/public_html/store/vendor/laravel/framework/src/Illuminate/Database/Query/Builder.php(3676): Illuminate\\Database\\Query\\Builder->Illuminate\\Database\\Query\\{closure}()
#18 /home/u261892001/domains/bulkbasketindia.com/public_html/store/vendor/laravel/framework/src/Illuminate/Database/Query/Builder.php(3090): Illuminate\\Database\\Query\\Builder->onceWithColumns()
#19 /home/u261892001/domains/bulkbasketindia.com/public_html/store/app/Providers/AppServiceProvider.php(25): Illuminate\\Database\\Query\\Builder->get()
#20 /home/u261892001/domains/bulkbasketindia.com/public_html/store/vendor/laravel/framework/src/Illuminate/Container/BoundMethod.php(36): App\\Providers\\AppServiceProvider->boot()
#21 /home/u261892001/domains/bulkbasketindia.com/public_html/store/vendor/laravel/framework/src/Illuminate/Container/Util.php(43): Illuminate\\Container\\BoundMethod::Illuminate\\Container\\{closure}()
#22 /home/u261892001/domains/bulkbasketindia.com/public_html/store/vendor/laravel/framework/src/Illuminate/Container/BoundMethod.php(95): Illuminate\\Container\\Util::unwrapIfClosure()
#23 /home/u261892001/domains/bulkbasketindia.com/public_html/store/vendor/laravel/framework/src/Illuminate/Container/BoundMethod.php(35): Illuminate\\Container\\BoundMethod::callBoundMethod()
#24 /home/u261892001/domains/bulkbasketindia.com/public_html/store/vendor/laravel/framework/src/Illuminate/Container/Container.php(754): Illuminate\\Container\\BoundMethod::call()
#25 /home/u261892001/domains/bulkbasketindia.com/public_html/store/vendor/laravel/framework/src/Illuminate/Foundation/Application.php(1151): Illuminate\\Container\\Container->call()
#26 /home/u261892001/domains/bulkbasketindia.com/public_html/store/vendor/laravel/framework/src/Illuminate/Foundation/Application.php(1132): Illuminate\\Foundation\\Application->bootProvider()
#27 [internal function]: Illuminate\\Foundation\\Application->Illuminate\\Foundation\\{closure}()
#28 /home/u261892001/domains/bulkbasketindia.com/public_html/store/vendor/laravel/framework/src/Illuminate/Foundation/Application.php(1131): array_walk()
#29 /home/u261892001/domains/bulkbasketindia.com/public_html/store/vendor/laravel/framework/src/Illuminate/Foundation/Bootstrap/BootProviders.php(17): Illuminate\\Foundation\\Application->boot()
#30 /home/u261892001/domains/bulkbasketindia.com/public_html/store/vendor/laravel/framework/src/Illuminate/Foundation/Application.php(342): Illuminate\\Foundation\\Bootstrap\\BootProviders->bootstrap()
#31 /home/u261892001/domains/bulkbasketindia.com/public_html/store/vendor/laravel/framework/src/Illuminate/Foundation/Http/Kernel.php(187): Illuminate\\Foundation\\Application->bootstrapWith()
#32 /home/u261892001/domains/bulkbasketindia.com/public_html/store/vendor/laravel/framework/src/Illuminate/Foundation/Http/Kernel.php(171): Illuminate\\Foundation\\Http\\Kernel->bootstrap()
#33 /home/u261892001/domains/bulkbasketindia.com/public_html/store/vendor/laravel/framework/src/Illuminate/Foundation/Http/Kernel.php(145): Illuminate\\Foundation\\Http\\Kernel->sendRequestThroughRouter()
#34 /home/u261892001/domains/bulkbasketindia.com/public_html/store/vendor/laravel/framework/src/Illuminate/Foundation/Application.php(1220): Illuminate\\Foundation\\Http\\Kernel->handle()
#35 /home/u261892001/domains/bulkbasketindia.com/public_html/store/public/index.php(20): Illuminate\\Foundation\\Application->handleRequest()
#36 {main}
"} 
[2025-10-31 11:00:20] production.ERROR: SQLSTATE[HY000] [2002] Connection refused (Connection: mysql, SQL: select distinct `state` from `state_city`) {"exception":"[object] (Illuminate\\Database\\QueryException(code: 2002): SQLSTATE[HY000] [2002] Connection refused (Connection: mysql, SQL: select distinct `state` from `state_city`) at /home/u261892001/domains/bulkbasketindia.com/public_html/store/vendor/laravel/framework/src/Illuminate/Database/Connection.php:823)
[stacktrace]
#0 /home/u261892001/domains/bulkbasketindia.com/public_html/store/vendor/laravel/framework/src/Illuminate/Database/Connection.php(977): Illuminate\\Database\\Connection->runQueryCallback()
#1 /home/u261892001/domains/bulkbasketindia.com/public_html/store/vendor/laravel/framework/src/Illuminate/Database/Connection.php(956): Illuminate\\Database\\Connection->tryAgainIfCausedByLostConnection()
#2 /home/u261892001/domains/bulkbasketindia.com/public_html/store/vendor/laravel/framework/src/Illuminate/Database/Connection.php(779): Illuminate\\Database\\Connection->handleQueryException()
#3 /home/u261892001/domains/bulkbasketindia.com/public_html/store/vendor/laravel/framework/src/Illuminate/Database/Connection.php(396): Illuminate\\Database\\Connection->run()
#4 /home/u261892001/domains/bulkbasketindia.com/public_html/store/vendor/laravel/framework/src/Illuminate/Database/Query/Builder.php(3106): Illuminate\\Database\\Connection->select()
#5 /home/u261892001/domains/bulkbasketindia.com/public_html/store/vendor/laravel/framework/src/Illuminate/Database/Query/Builder.php(3091): Illuminate\\Database\\Query\\Builder->runSelect()
#6 /home/u261892001/domains/bulkbasketindia.com/public_html/store/vendor/laravel/framework/src/Illuminate/Database/Query/Builder.php(3676): Illuminate\\Database\\Query\\Builder->Illuminate\\Database\\Query\\{closure}()
#7 /home/u261892001/domains/bulkbasketindia.com/public_html/store/vendor/laravel/framework/src/Illuminate/Database/Query/Builder.php(3090): Illuminate\\Database\\Query\\Builder->onceWithColumns()
#8 /home/u261892001/domains/bulkbasketindia.com/public_html/store/app/Providers/AppServiceProvider.php(25): Illuminate\\Database\\Query\\Builder->get()
#9 /home/u261892001/domains/bulkbasketindia.com/public_html/store/vendor/laravel/framework/src/Illuminate/Container/BoundMethod.php(36): App\\Providers\\AppServiceProvider->boot()
#10 /home/u261892001/domains/bulkbasketindia.com/public_html/store/vendor/laravel/framework/src/Illuminate/Container/Util.php(43): Illuminate\\Container\\BoundMethod::Illuminate\\Container\\{closure}()
#11 /home/u261892001/domains/bulkbasketindia.com/public_html/store/vendor/laravel/framework/src/Illuminate/Container/BoundMethod.php(95): Illuminate\\Container\\Util::unwrapIfClosure()
#12 /home/u261892001/domains/bulkbasketindia.com/public_html/store/vendor/laravel/framework/src/Illuminate/Container/BoundMethod.php(35): Illuminate\\Container\\BoundMethod::callBoundMethod()
#13 /home/u261892001/domains/bulkbasketindia.com/public_html/store/vendor/laravel/framework/src/Illuminate/Container/Container.php(754): Illuminate\\Container\\BoundMethod::call()
#14 /home/u261892001/domains/bulkbasketindia.com/public_html/store/vendor/laravel/framework/src/Illuminate/Foundation/Application.php(1151): Illuminate\\Container\\Container->call()
#15 /home/u261892001/domains/bulkbasketindia.com/public_html/store/vendor/laravel/framework/src/Illuminate/Foundation/Application.php(1132): Illuminate\\Foundation\\Application->bootProvider()
#16 [internal function]: Illuminate\\Foundation\\Application->Illuminate\\Foundation\\{closure}()
#17 /home/u261892001/domains/bulkbasketindia.com/public_html/store/vendor/laravel/framework/src/Illuminate/Foundation/Application.php(1131): array_walk()
#18 /home/u261892001/domains/bulkbasketindia.com/public_html/store/vendor/laravel/framework/src/Illuminate/Foundation/Bootstrap/BootProviders.php(17): Illuminate\\Foundation\\Application->boot()
#19 /home/u261892001/domains/bulkbasketindia.com/public_html/store/vendor/laravel/framework/src/Illuminate/Foundation/Application.php(342): Illuminate\\Foundation\\Bootstrap\\BootProviders->bootstrap()
#20 /home/u261892001/domains/bulkbasketindia.com/public_html/store/vendor/laravel/framework/src/Illuminate/Foundation/Http/Kernel.php(187): Illuminate\\Foundation\\Application->bootstrapWith()
#21 /home/u261892001/domains/bulkbasketindia.com/public_html/store/vendor/laravel/framework/src/Illuminate/Foundation/Http/Kernel.php(171): Illuminate\\Foundation\\Http\\Kernel->bootstrap()
#22 /home/u261892001/domains/bulkbasketindia.com/public_html/store/vendor/laravel/framework/src/Illuminate/Foundation/Http/Kernel.php(145): Illuminate\\Foundation\\Http\\Kernel->sendRequestThroughRouter()
#23 /home/u261892001/domains/bulkbasketindia.com/public_html/store/vendor/laravel/framework/src/Illuminate/Foundation/Application.php(1220): Illuminate\\Foundation\\Http\\Kernel->handle()
#24 /home/u261892001/domains/bulkbasketindia.com/public_html/store/public/index.php(20): Illuminate\\Foundation\\Application->handleRequest()
#25 {main}

[previous exception] [object] (PDOException(code: 2002): SQLSTATE[HY000] [2002] Connection refused at /home/u261892001/domains/bulkbasketindia.com/public_html/store/vendor/laravel/framework/src/Illuminate/Database/Connectors/Connector.php:66)
[stacktrace]
#0 /home/u261892001/domains/bulkbasketindia.com/public_html/store/vendor/laravel/framework/src/Illuminate/Database/Connectors/Connector.php(66): PDO->__construct()
#1 /home/u261892001/domains/bulkbasketindia.com/public_html/store/vendor/laravel/framework/src/Illuminate/Database/Connectors/Connector.php(85): Illuminate\\Database\\Connectors\\Connector->createPdoConnection()
#2 /home/u261892001/domains/bulkbasketindia.com/public_html/store/vendor/laravel/framework/src/Illuminate/Database/Connectors/Connector.php(48): Illuminate\\Database\\Connectors\\Connector->tryAgainIfCausedByLostConnection()
#3 /home/u261892001/domains/bulkbasketindia.com/public_html/store/vendor/laravel/framework/src/Illuminate/Database/Connectors/MySqlConnector.php(24): Illuminate\\Database\\Connectors\\Connector->createConnection()
#4 /home/u261892001/domains/bulkbasketindia.com/public_html/store/vendor/laravel/framework/src/Illuminate/Database/Connectors/ConnectionFactory.php(185): Illuminate\\Database\\Connectors\\MySqlConnector->connect()
#5 [internal function]: Illuminate\\Database\\Connectors\\ConnectionFactory->Illuminate\\Database\\Connectors\\{closure}()
#6 /home/u261892001/domains/bulkbasketindia.com/public_html/store/vendor/laravel/framework/src/Illuminate/Database/Connection.php(1229): call_user_func()
#7 /home/u261892001/domains/bulkbasketindia.com/public_html/store/vendor/laravel/framework/src/Illuminate/Database/Connection.php(1265): Illuminate\\Database\\Connection->getPdo()
#8 /home/u261892001/domains/bulkbasketindia.com/public_html/store/vendor/laravel/framework/src/Illuminate/Database/Connection.php(510): Illuminate\\Database\\Connection->getReadPdo()
#9 /home/u261892001/domains/bulkbasketindia.com/public_html/store/vendor/laravel/framework/src/Illuminate/Database/Connection.php(405): Illuminate\\Database\\Connection->getPdoForSelect()
#10 /home/u261892001/domains/bulkbasketindia.com/public_html/store/vendor/laravel/framework/src/Illuminate/Database/Connection.php(810): Illuminate\\Database\\Connection->Illuminate\\Database\\{closure}()
#11 /home/u261892001/domains/bulkbasketindia.com/public_html/store/vendor/laravel/framework/src/Illuminate/Database/Connection.php(977): Illuminate\\Database\\Connection->runQueryCallback()
#12 /home/u261892001/domains/bulkbasketindia.com/public_html/store/vendor/laravel/framework/src/Illuminate/Database/Connection.php(956): Illuminate\\Database\\Connection->tryAgainIfCausedByLostConnection()
#13 /home/u261892001/domains/bulkbasketindia.com/public_html/store/vendor/laravel/framework/src/Illuminate/Database/Connection.php(779): Illuminate\\Database\\Connection->handleQueryException()
#14 /home/u261892001/domains/bulkbasketindia.com/public_html/store/vendor/laravel/framework/src/Illuminate/Database/Connection.php(396): Illuminate\\Database\\Connection->run()
#15 /home/u261892001/domains/bulkbasketindia.com/public_html/store/vendor/laravel/framework/src/Illuminate/Database/Query/Builder.php(3106): Illuminate\\Database\\Connection->select()
#16 /home/u261892001/domains/bulkbasketindia.com/public_html/store/vendor/laravel/framework/src/Illuminate/Database/Query/Builder.php(3091): Illuminate\\Database\\Query\\Builder->runSelect()
#17 /home/u261892001/domains/bulkbasketindia.com/public_html/store/vendor/laravel/framework/src/Illuminate/Database/Query/Builder.php(3676): Illuminate\\Database\\Query\\Builder->Illuminate\\Database\\Query\\{closure}()
#18 /home/u261892001/domains/bulkbasketindia.com/public_html/store/vendor/laravel/framework/src/Illuminate/Database/Query/Builder.php(3090): Illuminate\\Database\\Query\\Builder->onceWithColumns()
#19 /home/u261892001/domains/bulkbasketindia.com/public_html/store/app/Providers/AppServiceProvider.php(25): Illuminate\\Database\\Query\\Builder->get()
#20 /home/u261892001/domains/bulkbasketindia.com/public_html/store/vendor/laravel/framework/src/Illuminate/Container/BoundMethod.php(36): App\\Providers\\AppServiceProvider->boot()
#21 /home/u261892001/domains/bulkbasketindia.com/public_html/store/vendor/laravel/framework/src/Illuminate/Container/Util.php(43): Illuminate\\Container\\BoundMethod::Illuminate\\Container\\{closure}()
#22 /home/u261892001/domains/bulkbasketindia.com/public_html/store/vendor/laravel/framework/src/Illuminate/Container/BoundMethod.php(95): Illuminate\\Container\\Util::unwrapIfClosure()
#23 /home/u261892001/domains/bulkbasketindia.com/public_html/store/vendor/laravel/framework/src/Illuminate/Container/BoundMethod.php(35): Illuminate\\Container\\BoundMethod::callBoundMethod()
#24 /home/u261892001/domains/bulkbasketindia.com/public_html/store/vendor/laravel/framework/src/Illuminate/Container/Container.php(754): Illuminate\\Container\\BoundMethod::call()
#25 /home/u261892001/domains/bulkbasketindia.com/public_html/store/vendor/laravel/framework/src/Illuminate/Foundation/Application.php(1151): Illuminate\\Container\\Container->call()
#26 /home/u261892001/domains/bulkbasketindia.com/public_html/store/vendor/laravel/framework/src/Illuminate/Foundation/Application.php(1132): Illuminate\\Foundation\\Application->bootProvider()
#27 [internal function]: Illuminate\\Foundation\\Application->Illuminate\\Foundation\\{closure}()
#28 /home/u261892001/domains/bulkbasketindia.com/public_html/store/vendor/laravel/framework/src/Illuminate/Foundation/Application.php(1131): array_walk()
#29 /home/u261892001/domains/bulkbasketindia.com/public_html/store/vendor/laravel/framework/src/Illuminate/Foundation/Bootstrap/BootProviders.php(17): Illuminate\\Foundation\\Application->boot()
#30 /home/u261892001/domains/bulkbasketindia.com/public_html/store/vendor/laravel/framework/src/Illuminate/Foundation/Application.php(342): Illuminate\\Foundation\\Bootstrap\\BootProviders->bootstrap()
#31 /home/u261892001/domains/bulkbasketindia.com/public_html/store/vendor/laravel/framework/src/Illuminate/Foundation/Http/Kernel.php(187): Illuminate\\Foundation\\Application->bootstrapWith()
#32 /home/u261892001/domains/bulkbasketindia.com/public_html/store/vendor/laravel/framework/src/Illuminate/Foundation/Http/Kernel.php(171): Illuminate\\Foundation\\Http\\Kernel->bootstrap()
#33 /home/u261892001/domains/bulkbasketindia.com/public_html/store/vendor/laravel/framework/src/Illuminate/Foundation/Http/Kernel.php(145): Illuminate\\Foundation\\Http\\Kernel->sendRequestThroughRouter()
#34 /home/u261892001/domains/bulkbasketindia.com/public_html/store/vendor/laravel/framework/src/Illuminate/Foundation/Application.php(1220): Illuminate\\Foundation\\Http\\Kernel->handle()
#35 /home/u261892001/domains/bulkbasketindia.com/public_html/store/public/index.php(20): Illuminate\\Foundation\\Application->handleRequest()
#36 {main}
"} 
[2025-10-31 11:00:36] production.ERROR: SQLSTATE[HY000] [2002] Connection refused (Connection: mysql, SQL: select distinct `state` from `state_city`) {"exception":"[object] (Illuminate\\Database\\QueryException(code: 2002): SQLSTATE[HY000] [2002] Connection refused (Connection: mysql, SQL: select distinct `state` from `state_city`) at /home/u261892001/domains/bulkbasketindia.com/public_html/store/vendor/laravel/framework/src/Illuminate/Database/Connection.php:823)
[stacktrace]
#0 /home/u261892001/domains/bulkbasketindia.com/public_html/store/vendor/laravel/framework/src/Illuminate/Database/Connection.php(977): Illuminate\\Database\\Connection->runQueryCallback()
#1 /home/u261892001/domains/bulkbasketindia.com/public_html/store/vendor/laravel/framework/src/Illuminate/Database/Connection.php(956): Illuminate\\Database\\Connection->tryAgainIfCausedByLostConnection()
#2 /home/u261892001/domains/bulkbasketindia.com/public_html/store/vendor/laravel/framework/src/Illuminate/Database/Connection.php(779): Illuminate\\Database\\Connection->handleQueryException()
#3 /home/u261892001/domains/bulkbasketindia.com/public_html/store/vendor/laravel/framework/src/Illuminate/Database/Connection.php(396): Illuminate\\Database\\Connection->run()
#4 /home/u261892001/domains/bulkbasketindia.com/public_html/store/vendor/laravel/framework/src/Illuminate/Database/Query/Builder.php(3106): Illuminate\\Database\\Connection->select()
#5 /home/u261892001/domains/bulkbasketindia.com/public_html/store/vendor/laravel/framework/src/Illuminate/Database/Query/Builder.php(3091): Illuminate\\Database\\Query\\Builder->runSelect()
#6 /home/u261892001/domains/bulkbasketindia.com/public_html/store/vendor/laravel/framework/src/Illuminate/Database/Query/Builder.php(3676): Illuminate\\Database\\Query\\Builder->Illuminate\\Database\\Query\\{closure}()
#7 /home/u261892001/domains/bulkbasketindia.com/public_html/store/vendor/laravel/framework/src/Illuminate/Database/Query/Builder.php(3090): Illuminate\\Database\\Query\\Builder->onceWithColumns()
#8 /home/u261892001/domains/bulkbasketindia.com/public_html/store/app/Providers/AppServiceProvider.php(25): Illuminate\\Database\\Query\\Builder->get()
#9 /home/u261892001/domains/bulkbasketindia.com/public_html/store/vendor/laravel/framework/src/Illuminate/Container/BoundMethod.php(36): App\\Providers\\AppServiceProvider->boot()
#10 /home/u261892001/domains/bulkbasketindia.com/public_html/store/vendor/laravel/framework/src/Illuminate/Container/Util.php(43): Illuminate\\Container\\BoundMethod::Illuminate\\Container\\{closure}()
#11 /home/u261892001/domains/bulkbasketindia.com/public_html/store/vendor/laravel/framework/src/Illuminate/Container/BoundMethod.php(95): Illuminate\\Container\\Util::unwrapIfClosure()
#12 /home/u261892001/domains/bulkbasketindia.com/public_html/store/vendor/laravel/framework/src/Illuminate/Container/BoundMethod.php(35): Illuminate\\Container\\BoundMethod::callBoundMethod()
#13 /home/u261892001/domains/bulkbasketindia.com/public_html/store/vendor/laravel/framework/src/Illuminate/Container/Container.php(754): Illuminate\\Container\\BoundMethod::call()
#14 /home/u261892001/domains/bulkbasketindia.com/public_html/store/vendor/laravel/framework/src/Illuminate/Foundation/Application.php(1151): Illuminate\\Container\\Container->call()
#15 /home/u261892001/domains/bulkbasketindia.com/public_html/store/vendor/laravel/framework/src/Illuminate/Foundation/Application.php(1132): Illuminate\\Foundation\\Application->bootProvider()
#16 [internal function]: Illuminate\\Foundation\\Application->Illuminate\\Foundation\\{closure}()
#17 /home/u261892001/domains/bulkbasketindia.com/public_html/store/vendor/laravel/framework/src/Illuminate/Foundation/Application.php(1131): array_walk()
#18 /home/u261892001/domains/bulkbasketindia.com/public_html/store/vendor/laravel/framework/src/Illuminate/Foundation/Bootstrap/BootProviders.php(17): Illuminate\\Foundation\\Application->boot()
#19 /home/u261892001/domains/bulkbasketindia.com/public_html/store/vendor/laravel/framework/src/Illuminate/Foundation/Application.php(342): Illuminate\\Foundation\\Bootstrap\\BootProviders->bootstrap()
#20 /home/u261892001/domains/bulkbasketindia.com/public_html/store/vendor/laravel/framework/src/Illuminate/Foundation/Http/Kernel.php(187): Illuminate\\Foundation\\Application->bootstrapWith()
#21 /home/u261892001/domains/bulkbasketindia.com/public_html/store/vendor/laravel/framework/src/Illuminate/Foundation/Http/Kernel.php(171): Illuminate\\Foundation\\Http\\Kernel->bootstrap()
#22 /home/u261892001/domains/bulkbasketindia.com/public_html/store/vendor/laravel/framework/src/Illuminate/Foundation/Http/Kernel.php(145): Illuminate\\Foundation\\Http\\Kernel->sendRequestThroughRouter()
#23 /home/u261892001/domains/bulkbasketindia.com/public_html/store/vendor/laravel/framework/src/Illuminate/Foundation/Application.php(1220): Illuminate\\Foundation\\Http\\Kernel->handle()
#24 /home/u261892001/domains/bulkbasketindia.com/public_html/store/public/index.php(20): Illuminate\\Foundation\\Application->handleRequest()
#25 {main}

[previous exception] [object] (PDOException(code: 2002): SQLSTATE[HY000] [2002] Connection refused at /home/u261892001/domains/bulkbasketindia.com/public_html/store/vendor/laravel/framework/src/Illuminate/Database/Connectors/Connector.php:66)
[stacktrace]
#0 /home/u261892001/domains/bulkbasketindia.com/public_html/store/vendor/laravel/framework/src/Illuminate/Database/Connectors/Connector.php(66): PDO->__construct()
#1 /home/u261892001/domains/bulkbasketindia.com/public_html/store/vendor/laravel/framework/src/Illuminate/Database/Connectors/Connector.php(85): Illuminate\\Database\\Connectors\\Connector->createPdoConnection()
#2 /home/u261892001/domains/bulkbasketindia.com/public_html/store/vendor/laravel/framework/src/Illuminate/Database/Connectors/Connector.php(48): Illuminate\\Database\\Connectors\\Connector->tryAgainIfCausedByLostConnection()
#3 /home/u261892001/domains/bulkbasketindia.com/public_html/store/vendor/laravel/framework/src/Illuminate/Database/Connectors/MySqlConnector.php(24): Illuminate\\Database\\Connectors\\Connector->createConnection()
#4 /home/u261892001/domains/bulkbasketindia.com/public_html/store/vendor/laravel/framework/src/Illuminate/Database/Connectors/ConnectionFactory.php(185): Illuminate\\Database\\Connectors\\MySqlConnector->connect()
#5 [internal function]: Illuminate\\Database\\Connectors\\ConnectionFactory->Illuminate\\Database\\Connectors\\{closure}()
#6 /home/u261892001/domains/bulkbasketindia.com/public_html/store/vendor/laravel/framework/src/Illuminate/Database/Connection.php(1229): call_user_func()
#7 /home/u261892001/domains/bulkbasketindia.com/public_html/store/vendor/laravel/framework/src/Illuminate/Database/Connection.php(1265): Illuminate\\Database\\Connection->getPdo()
#8 /home/u261892001/domains/bulkbasketindia.com/public_html/store/vendor/laravel/framework/src/Illuminate/Database/Connection.php(510): Illuminate\\Database\\Connection->getReadPdo()
#9 /home/u261892001/domains/bulkbasketindia.com/public_html/store/vendor/laravel/framework/src/Illuminate/Database/Connection.php(405): Illuminate\\Database\\Connection->getPdoForSelect()
#10 /home/u261892001/domains/bulkbasketindia.com/public_html/store/vendor/laravel/framework/src/Illuminate/Database/Connection.php(810): Illuminate\\Database\\Connection->Illuminate\\Database\\{closure}()
#11 /home/u261892001/domains/bulkbasketindia.com/public_html/store/vendor/laravel/framework/src/Illuminate/Database/Connection.php(977): Illuminate\\Database\\Connection->runQueryCallback()
#12 /home/u261892001/domains/bulkbasketindia.com/public_html/store/vendor/laravel/framework/src/Illuminate/Database/Connection.php(956): Illuminate\\Database\\Connection->tryAgainIfCausedByLostConnection()
#13 /home/u261892001/domains/bulkbasketindia.com/public_html/store/vendor/laravel/framework/src/Illuminate/Database/Connection.php(779): Illuminate\\Database\\Connection->handleQueryException()
#14 /home/u261892001/domains/bulkbasketindia.com/public_html/store/vendor/laravel/framework/src/Illuminate/Database/Connection.php(396): Illuminate\\Database\\Connection->run()
#15 /home/u261892001/domains/bulkbasketindia.com/public_html/store/vendor/laravel/framework/src/Illuminate/Database/Query/Builder.php(3106): Illuminate\\Database\\Connection->select()
#16 /home/u261892001/domains/bulkbasketindia.com/public_html/store/vendor/laravel/framework/src/Illuminate/Database/Query/Builder.php(3091): Illuminate\\Database\\Query\\Builder->runSelect()
#17 /home/u261892001/domains/bulkbasketindia.com/public_html/store/vendor/laravel/framework/src/Illuminate/Database/Query/Builder.php(3676): Illuminate\\Database\\Query\\Builder->Illuminate\\Database\\Query\\{closure}()
#18 /home/u261892001/domains/bulkbasketindia.com/public_html/store/vendor/laravel/framework/src/Illuminate/Database/Query/Builder.php(3090): Illuminate\\Database\\Query\\Builder->onceWithColumns()
#19 /home/u261892001/domains/bulkbasketindia.com/public_html/store/app/Providers/AppServiceProvider.php(25): Illuminate\\Database\\Query\\Builder->get()
#20 /home/u261892001/domains/bulkbasketindia.com/public_html/store/vendor/laravel/framework/src/Illuminate/Container/BoundMethod.php(36): App\\Providers\\AppServiceProvider->boot()
#21 /home/u261892001/domains/bulkbasketindia.com/public_html/store/vendor/laravel/framework/src/Illuminate/Container/Util.php(43): Illuminate\\Container\\BoundMethod::Illuminate\\Container\\{closure}()
#22 /home/u261892001/domains/bulkbasketindia.com/public_html/store/vendor/laravel/framework/src/Illuminate/Container/BoundMethod.php(95): Illuminate\\Container\\Util::unwrapIfClosure()
#23 /home/u261892001/domains/bulkbasketindia.com/public_html/store/vendor/laravel/framework/src/Illuminate/Container/BoundMethod.php(35): Illuminate\\Container\\BoundMethod::callBoundMethod()
#24 /home/u261892001/domains/bulkbasketindia.com/public_html/store/vendor/laravel/framework/src/Illuminate/Container/Container.php(754): Illuminate\\Container\\BoundMethod::call()
#25 /home/u261892001/domains/bulkbasketindia.com/public_html/store/vendor/laravel/framework/src/Illuminate/Foundation/Application.php(1151): Illuminate\\Container\\Container->call()
#26 /home/u261892001/domains/bulkbasketindia.com/public_html/store/vendor/laravel/framework/src/Illuminate/Foundation/Application.php(1132): Illuminate\\Foundation\\Application->bootProvider()
#27 [internal function]: Illuminate\\Foundation\\Application->Illuminate\\Foundation\\{closure}()
#28 /home/u261892001/domains/bulkbasketindia.com/public_html/store/vendor/laravel/framework/src/Illuminate/Foundation/Application.php(1131): array_walk()
#29 /home/u261892001/domains/bulkbasketindia.com/public_html/store/vendor/laravel/framework/src/Illuminate/Foundation/Bootstrap/BootProviders.php(17): Illuminate\\Foundation\\Application->boot()
#30 /home/u261892001/domains/bulkbasketindia.com/public_html/store/vendor/laravel/framework/src/Illuminate/Foundation/Application.php(342): Illuminate\\Foundation\\Bootstrap\\BootProviders->bootstrap()
#31 /home/u261892001/domains/bulkbasketindia.com/public_html/store/vendor/laravel/framework/src/Illuminate/Foundation/Http/Kernel.php(187): Illuminate\\Foundation\\Application->bootstrapWith()
#32 /home/u261892001/domains/bulkbasketindia.com/public_html/store/vendor/laravel/framework/src/Illuminate/Foundation/Http/Kernel.php(171): Illuminate\\Foundation\\Http\\Kernel->bootstrap()
#33 /home/u261892001/domains/bulkbasketindia.com/public_html/store/vendor/laravel/framework/src/Illuminate/Foundation/Http/Kernel.php(145): Illuminate\\Foundation\\Http\\Kernel->sendRequestThroughRouter()
#34 /home/u261892001/domains/bulkbasketindia.com/public_html/store/vendor/laravel/framework/src/Illuminate/Foundation/Application.php(1220): Illuminate\\Foundation\\Http\\Kernel->handle()
#35 /home/u261892001/domains/bulkbasketindia.com/public_html/store/public/index.php(20): Illuminate\\Foundation\\Application->handleRequest()
#36 {main}
"} 
