[2025-10-01 06:09:59] production.ERROR: SQLSTATE[HY000] [1045] Access denied for user 'root'@'127.0.0.1' (using password: NO) (Connection: mysql, SQL: select distinct `state` from `state_city`) {"exception":"[object] (Illuminate\\Database\\QueryException(code: 1045): SQLSTATE[HY000] [1045] Access denied for user 'root'@'127.0.0.1' (using password: NO) (Connection: mysql, SQL: select distinct `state` from `state_city`) at /home/u261892001/domains/bulkbasketindia.com/public_html/store/vendor/laravel/framework/src/Illuminate/Database/Connection.php:823)
[stacktrace]
#0 /home/u261892001/domains/bulkbasketindia.com/public_html/store/vendor/laravel/framework/src/Illuminate/Database/Connection.php(777): Illuminate\\Database\\Connection->runQueryCallback()
#1 /home/u261892001/domains/bulkbasketindia.com/public_html/store/vendor/laravel/framework/src/Illuminate/Database/Connection.php(396): Illuminate\\Database\\Connection->run()
#2 /home/u261892001/domains/bulkbasketindia.com/public_html/store/vendor/laravel/framework/src/Illuminate/Database/Query/Builder.php(3106): Illuminate\\Database\\Connection->select()
#3 /home/u261892001/domains/bulkbasketindia.com/public_html/store/vendor/laravel/framework/src/Illuminate/Database/Query/Builder.php(3091): Illuminate\\Database\\Query\\Builder->runSelect()
#4 /home/u261892001/domains/bulkbasketindia.com/public_html/store/vendor/laravel/framework/src/Illuminate/Database/Query/Builder.php(3676): Illuminate\\Database\\Query\\Builder->Illuminate\\Database\\Query\\{closure}()
#5 /home/u261892001/domains/bulkbasketindia.com/public_html/store/vendor/laravel/framework/src/Illuminate/Database/Query/Builder.php(3090): Illuminate\\Database\\Query\\Builder->onceWithColumns()
#6 /home/u261892001/domains/bulkbasketindia.com/public_html/store/app/Providers/AppServiceProvider.php(25): Illuminate\\Database\\Query\\Builder->get()
#7 /home/u261892001/domains/bulkbasketindia.com/public_html/store/vendor/laravel/framework/src/Illuminate/Container/BoundMethod.php(36): App\\Providers\\AppServiceProvider->boot()
#8 /home/u261892001/domains/bulkbasketindia.com/public_html/store/vendor/laravel/framework/src/Illuminate/Container/Util.php(43): Illuminate\\Container\\BoundMethod::Illuminate\\Container\\{closure}()
#9 /home/u261892001/domains/bulkbasketindia.com/public_html/store/vendor/laravel/framework/src/Illuminate/Container/BoundMethod.php(95): Illuminate\\Container\\Util::unwrapIfClosure()
#10 /home/u261892001/domains/bulkbasketindia.com/public_html/store/vendor/laravel/framework/src/Illuminate/Container/BoundMethod.php(35): Illuminate\\Container\\BoundMethod::callBoundMethod()
#11 /home/u261892001/domains/bulkbasketindia.com/public_html/store/vendor/laravel/framework/src/Illuminate/Container/Container.php(754): Illuminate\\Container\\BoundMethod::call()
#12 /home/u261892001/domains/bulkbasketindia.com/public_html/store/vendor/laravel/framework/src/Illuminate/Foundation/Application.php(1151): Illuminate\\Container\\Container->call()
#13 /home/u261892001/domains/bulkbasketindia.com/public_html/store/vendor/laravel/framework/src/Illuminate/Foundation/Application.php(1132): Illuminate\\Foundation\\Application->bootProvider()
#14 [internal function]: Illuminate\\Foundation\\Application->Illuminate\\Foundation\\{closure}()
#15 /home/u261892001/domains/bulkbasketindia.com/public_html/store/vendor/laravel/framework/src/Illuminate/Foundation/Application.php(1131): array_walk()
#16 /home/u261892001/domains/bulkbasketindia.com/public_html/store/vendor/laravel/framework/src/Illuminate/Foundation/Bootstrap/BootProviders.php(17): Illuminate\\Foundation\\Application->boot()
#17 /home/u261892001/domains/bulkbasketindia.com/public_html/store/vendor/laravel/framework/src/Illuminate/Foundation/Application.php(342): Illuminate\\Foundation\\Bootstrap\\BootProviders->bootstrap()
#18 /home/u261892001/domains/bulkbasketindia.com/public_html/store/vendor/laravel/framework/src/Illuminate/Foundation/Http/Kernel.php(187): Illuminate\\Foundation\\Application->bootstrapWith()
#19 /home/u261892001/domains/bulkbasketindia.com/public_html/store/vendor/laravel/framework/src/Illuminate/Foundation/Http/Kernel.php(171): Illuminate\\Foundation\\Http\\Kernel->bootstrap()
#20 /home/u261892001/domains/bulkbasketindia.com/public_html/store/vendor/laravel/framework/src/Illuminate/Foundation/Http/Kernel.php(145): Illuminate\\Foundation\\Http\\Kernel->sendRequestThroughRouter()
#21 /home/u261892001/domains/bulkbasketindia.com/public_html/store/vendor/laravel/framework/src/Illuminate/Foundation/Application.php(1220): Illuminate\\Foundation\\Http\\Kernel->handle()
#22 /home/u261892001/domains/bulkbasketindia.com/public_html/store/public/index.php(20): Illuminate\\Foundation\\Application->handleRequest()
#23 {main}

[previous exception] [object] (PDOException(code: 1045): SQLSTATE[HY000] [1045] Access denied for user 'root'@'127.0.0.1' (using password: NO) at /home/u261892001/domains/bulkbasketindia.com/public_html/store/vendor/laravel/framework/src/Illuminate/Database/Connectors/Connector.php:66)
[stacktrace]
#0 /home/u261892001/domains/bulkbasketindia.com/public_html/store/vendor/laravel/framework/src/Illuminate/Database/Connectors/Connector.php(66): PDO->__construct()
#1 /home/u261892001/domains/bulkbasketindia.com/public_html/store/vendor/laravel/framework/src/Illuminate/Database/Connectors/Connector.php(44): Illuminate\\Database\\Connectors\\Connector->createPdoConnection()
#2 /home/u261892001/domains/bulkbasketindia.com/public_html/store/vendor/laravel/framework/src/Illuminate/Database/Connectors/MySqlConnector.php(24): Illuminate\\Database\\Connectors\\Connector->createConnection()
#3 /home/u261892001/domains/bulkbasketindia.com/public_html/store/vendor/laravel/framework/src/Illuminate/Database/Connectors/ConnectionFactory.php(185): Illuminate\\Database\\Connectors\\MySqlConnector->connect()
#4 [internal function]: Illuminate\\Database\\Connectors\\ConnectionFactory->Illuminate\\Database\\Connectors\\{closure}()
#5 /home/u261892001/domains/bulkbasketindia.com/public_html/store/vendor/laravel/framework/src/Illuminate/Database/Connection.php(1229): call_user_func()
#6 /home/u261892001/domains/bulkbasketindia.com/public_html/store/vendor/laravel/framework/src/Illuminate/Database/Connection.php(1265): Illuminate\\Database\\Connection->getPdo()
#7 /home/u261892001/domains/bulkbasketindia.com/public_html/store/vendor/laravel/framework/src/Illuminate/Database/Connection.php(510): Illuminate\\Database\\Connection->getReadPdo()
#8 /home/u261892001/domains/bulkbasketindia.com/public_html/store/vendor/laravel/framework/src/Illuminate/Database/Connection.php(405): Illuminate\\Database\\Connection->getPdoForSelect()
#9 /home/u261892001/domains/bulkbasketindia.com/public_html/store/vendor/laravel/framework/src/Illuminate/Database/Connection.php(810): Illuminate\\Database\\Connection->Illuminate\\Database\\{closure}()
#10 /home/u261892001/domains/bulkbasketindia.com/public_html/store/vendor/laravel/framework/src/Illuminate/Database/Connection.php(777): Illuminate\\Database\\Connection->runQueryCallback()
#11 /home/u261892001/domains/bulkbasketindia.com/public_html/store/vendor/laravel/framework/src/Illuminate/Database/Connection.php(396): Illuminate\\Database\\Connection->run()
#12 /home/u261892001/domains/bulkbasketindia.com/public_html/store/vendor/laravel/framework/src/Illuminate/Database/Query/Builder.php(3106): Illuminate\\Database\\Connection->select()
#13 /home/u261892001/domains/bulkbasketindia.com/public_html/store/vendor/laravel/framework/src/Illuminate/Database/Query/Builder.php(3091): Illuminate\\Database\\Query\\Builder->runSelect()
#14 /home/u261892001/domains/bulkbasketindia.com/public_html/store/vendor/laravel/framework/src/Illuminate/Database/Query/Builder.php(3676): Illuminate\\Database\\Query\\Builder->Illuminate\\Database\\Query\\{closure}()
#15 /home/u261892001/domains/bulkbasketindia.com/public_html/store/vendor/laravel/framework/src/Illuminate/Database/Query/Builder.php(3090): Illuminate\\Database\\Query\\Builder->onceWithColumns()
#16 /home/u261892001/domains/bulkbasketindia.com/public_html/store/app/Providers/AppServiceProvider.php(25): Illuminate\\Database\\Query\\Builder->get()
#17 /home/u261892001/domains/bulkbasketindia.com/public_html/store/vendor/laravel/framework/src/Illuminate/Container/BoundMethod.php(36): App\\Providers\\AppServiceProvider->boot()
#18 /home/u261892001/domains/bulkbasketindia.com/public_html/store/vendor/laravel/framework/src/Illuminate/Container/Util.php(43): Illuminate\\Container\\BoundMethod::Illuminate\\Container\\{closure}()
#19 /home/u261892001/domains/bulkbasketindia.com/public_html/store/vendor/laravel/framework/src/Illuminate/Container/BoundMethod.php(95): Illuminate\\Container\\Util::unwrapIfClosure()
#20 /home/u261892001/domains/bulkbasketindia.com/public_html/store/vendor/laravel/framework/src/Illuminate/Container/BoundMethod.php(35): Illuminate\\Container\\BoundMethod::callBoundMethod()
#21 /home/u261892001/domains/bulkbasketindia.com/public_html/store/vendor/laravel/framework/src/Illuminate/Container/Container.php(754): Illuminate\\Container\\BoundMethod::call()
#22 /home/u261892001/domains/bulkbasketindia.com/public_html/store/vendor/laravel/framework/src/Illuminate/Foundation/Application.php(1151): Illuminate\\Container\\Container->call()
#23 /home/u261892001/domains/bulkbasketindia.com/public_html/store/vendor/laravel/framework/src/Illuminate/Foundation/Application.php(1132): Illuminate\\Foundation\\Application->bootProvider()
#24 [internal function]: Illuminate\\Foundation\\Application->Illuminate\\Foundation\\{closure}()
#25 /home/u261892001/domains/bulkbasketindia.com/public_html/store/vendor/laravel/framework/src/Illuminate/Foundation/Application.php(1131): array_walk()
#26 /home/u261892001/domains/bulkbasketindia.com/public_html/store/vendor/laravel/framework/src/Illuminate/Foundation/Bootstrap/BootProviders.php(17): Illuminate\\Foundation\\Application->boot()
#27 /home/u261892001/domains/bulkbasketindia.com/public_html/store/vendor/laravel/framework/src/Illuminate/Foundation/Application.php(342): Illuminate\\Foundation\\Bootstrap\\BootProviders->bootstrap()
#28 /home/u261892001/domains/bulkbasketindia.com/public_html/store/vendor/laravel/framework/src/Illuminate/Foundation/Http/Kernel.php(187): Illuminate\\Foundation\\Application->bootstrapWith()
#29 /home/u261892001/domains/bulkbasketindia.com/public_html/store/vendor/laravel/framework/src/Illuminate/Foundation/Http/Kernel.php(171): Illuminate\\Foundation\\Http\\Kernel->bootstrap()
#30 /home/u261892001/domains/bulkbasketindia.com/public_html/store/vendor/laravel/framework/src/Illuminate/Foundation/Http/Kernel.php(145): Illuminate\\Foundation\\Http\\Kernel->sendRequestThroughRouter()
#31 /home/u261892001/domains/bulkbasketindia.com/public_html/store/vendor/laravel/framework/src/Illuminate/Foundation/Application.php(1220): Illuminate\\Foundation\\Http\\Kernel->handle()
#32 /home/u261892001/domains/bulkbasketindia.com/public_html/store/public/index.php(20): Illuminate\\Foundation\\Application->handleRequest()
#33 {main}
"} 
[2025-10-01 06:12:11] production.ERROR: SQLSTATE[HY000] [1045] Access denied for user 'root'@'127.0.0.1' (using password: NO) (Connection: mysql, SQL: select distinct `state` from `state_city`) {"exception":"[object] (Illuminate\\Database\\QueryException(code: 1045): SQLSTATE[HY000] [1045] Access denied for user 'root'@'127.0.0.1' (using password: NO) (Connection: mysql, SQL: select distinct `state` from `state_city`) at /home/u261892001/domains/bulkbasketindia.com/public_html/store/vendor/laravel/framework/src/Illuminate/Database/Connection.php:823)
[stacktrace]
#0 /home/u261892001/domains/bulkbasketindia.com/public_html/store/vendor/laravel/framework/src/Illuminate/Database/Connection.php(777): Illuminate\\Database\\Connection->runQueryCallback()
#1 /home/u261892001/domains/bulkbasketindia.com/public_html/store/vendor/laravel/framework/src/Illuminate/Database/Connection.php(396): Illuminate\\Database\\Connection->run()
#2 /home/u261892001/domains/bulkbasketindia.com/public_html/store/vendor/laravel/framework/src/Illuminate/Database/Query/Builder.php(3106): Illuminate\\Database\\Connection->select()
#3 /home/u261892001/domains/bulkbasketindia.com/public_html/store/vendor/laravel/framework/src/Illuminate/Database/Query/Builder.php(3091): Illuminate\\Database\\Query\\Builder->runSelect()
#4 /home/u261892001/domains/bulkbasketindia.com/public_html/store/vendor/laravel/framework/src/Illuminate/Database/Query/Builder.php(3676): Illuminate\\Database\\Query\\Builder->Illuminate\\Database\\Query\\{closure}()
#5 /home/u261892001/domains/bulkbasketindia.com/public_html/store/vendor/laravel/framework/src/Illuminate/Database/Query/Builder.php(3090): Illuminate\\Database\\Query\\Builder->onceWithColumns()
#6 /home/u261892001/domains/bulkbasketindia.com/public_html/store/app/Providers/AppServiceProvider.php(25): Illuminate\\Database\\Query\\Builder->get()
#7 /home/u261892001/domains/bulkbasketindia.com/public_html/store/vendor/laravel/framework/src/Illuminate/Container/BoundMethod.php(36): App\\Providers\\AppServiceProvider->boot()
#8 /home/u261892001/domains/bulkbasketindia.com/public_html/store/vendor/laravel/framework/src/Illuminate/Container/Util.php(43): Illuminate\\Container\\BoundMethod::Illuminate\\Container\\{closure}()
#9 /home/u261892001/domains/bulkbasketindia.com/public_html/store/vendor/laravel/framework/src/Illuminate/Container/BoundMethod.php(95): Illuminate\\Container\\Util::unwrapIfClosure()
#10 /home/u261892001/domains/bulkbasketindia.com/public_html/store/vendor/laravel/framework/src/Illuminate/Container/BoundMethod.php(35): Illuminate\\Container\\BoundMethod::callBoundMethod()
#11 /home/u261892001/domains/bulkbasketindia.com/public_html/store/vendor/laravel/framework/src/Illuminate/Container/Container.php(754): Illuminate\\Container\\BoundMethod::call()
#12 /home/u261892001/domains/bulkbasketindia.com/public_html/store/vendor/laravel/framework/src/Illuminate/Foundation/Application.php(1151): Illuminate\\Container\\Container->call()
#13 /home/u261892001/domains/bulkbasketindia.com/public_html/store/vendor/laravel/framework/src/Illuminate/Foundation/Application.php(1132): Illuminate\\Foundation\\Application->bootProvider()
#14 [internal function]: Illuminate\\Foundation\\Application->Illuminate\\Foundation\\{closure}()
#15 /home/u261892001/domains/bulkbasketindia.com/public_html/store/vendor/laravel/framework/src/Illuminate/Foundation/Application.php(1131): array_walk()
#16 /home/u261892001/domains/bulkbasketindia.com/public_html/store/vendor/laravel/framework/src/Illuminate/Foundation/Bootstrap/BootProviders.php(17): Illuminate\\Foundation\\Application->boot()
#17 /home/u261892001/domains/bulkbasketindia.com/public_html/store/vendor/laravel/framework/src/Illuminate/Foundation/Application.php(342): Illuminate\\Foundation\\Bootstrap\\BootProviders->bootstrap()
#18 /home/u261892001/domains/bulkbasketindia.com/public_html/store/vendor/laravel/framework/src/Illuminate/Foundation/Http/Kernel.php(187): Illuminate\\Foundation\\Application->bootstrapWith()
#19 /home/u261892001/domains/bulkbasketindia.com/public_html/store/vendor/laravel/framework/src/Illuminate/Foundation/Http/Kernel.php(171): Illuminate\\Foundation\\Http\\Kernel->bootstrap()
#20 /home/u261892001/domains/bulkbasketindia.com/public_html/store/vendor/laravel/framework/src/Illuminate/Foundation/Http/Kernel.php(145): Illuminate\\Foundation\\Http\\Kernel->sendRequestThroughRouter()
#21 /home/u261892001/domains/bulkbasketindia.com/public_html/store/vendor/laravel/framework/src/Illuminate/Foundation/Application.php(1220): Illuminate\\Foundation\\Http\\Kernel->handle()
#22 /home/u261892001/domains/bulkbasketindia.com/public_html/store/public/index.php(20): Illuminate\\Foundation\\Application->handleRequest()
#23 {main}

[previous exception] [object] (PDOException(code: 1045): SQLSTATE[HY000] [1045] Access denied for user 'root'@'127.0.0.1' (using password: NO) at /home/u261892001/domains/bulkbasketindia.com/public_html/store/vendor/laravel/framework/src/Illuminate/Database/Connectors/Connector.php:66)
[stacktrace]
#0 /home/u261892001/domains/bulkbasketindia.com/public_html/store/vendor/laravel/framework/src/Illuminate/Database/Connectors/Connector.php(66): PDO->__construct()
#1 /home/u261892001/domains/bulkbasketindia.com/public_html/store/vendor/laravel/framework/src/Illuminate/Database/Connectors/Connector.php(44): Illuminate\\Database\\Connectors\\Connector->createPdoConnection()
#2 /home/u261892001/domains/bulkbasketindia.com/public_html/store/vendor/laravel/framework/src/Illuminate/Database/Connectors/MySqlConnector.php(24): Illuminate\\Database\\Connectors\\Connector->createConnection()
#3 /home/u261892001/domains/bulkbasketindia.com/public_html/store/vendor/laravel/framework/src/Illuminate/Database/Connectors/ConnectionFactory.php(185): Illuminate\\Database\\Connectors\\MySqlConnector->connect()
#4 [internal function]: Illuminate\\Database\\Connectors\\ConnectionFactory->Illuminate\\Database\\Connectors\\{closure}()
#5 /home/u261892001/domains/bulkbasketindia.com/public_html/store/vendor/laravel/framework/src/Illuminate/Database/Connection.php(1229): call_user_func()
#6 /home/u261892001/domains/bulkbasketindia.com/public_html/store/vendor/laravel/framework/src/Illuminate/Database/Connection.php(1265): Illuminate\\Database\\Connection->getPdo()
#7 /home/u261892001/domains/bulkbasketindia.com/public_html/store/vendor/laravel/framework/src/Illuminate/Database/Connection.php(510): Illuminate\\Database\\Connection->getReadPdo()
#8 /home/u261892001/domains/bulkbasketindia.com/public_html/store/vendor/laravel/framework/src/Illuminate/Database/Connection.php(405): Illuminate\\Database\\Connection->getPdoForSelect()
#9 /home/u261892001/domains/bulkbasketindia.com/public_html/store/vendor/laravel/framework/src/Illuminate/Database/Connection.php(810): Illuminate\\Database\\Connection->Illuminate\\Database\\{closure}()
#10 /home/u261892001/domains/bulkbasketindia.com/public_html/store/vendor/laravel/framework/src/Illuminate/Database/Connection.php(777): Illuminate\\Database\\Connection->runQueryCallback()
#11 /home/u261892001/domains/bulkbasketindia.com/public_html/store/vendor/laravel/framework/src/Illuminate/Database/Connection.php(396): Illuminate\\Database\\Connection->run()
#12 /home/u261892001/domains/bulkbasketindia.com/public_html/store/vendor/laravel/framework/src/Illuminate/Database/Query/Builder.php(3106): Illuminate\\Database\\Connection->select()
#13 /home/u261892001/domains/bulkbasketindia.com/public_html/store/vendor/laravel/framework/src/Illuminate/Database/Query/Builder.php(3091): Illuminate\\Database\\Query\\Builder->runSelect()
#14 /home/u261892001/domains/bulkbasketindia.com/public_html/store/vendor/laravel/framework/src/Illuminate/Database/Query/Builder.php(3676): Illuminate\\Database\\Query\\Builder->Illuminate\\Database\\Query\\{closure}()
#15 /home/u261892001/domains/bulkbasketindia.com/public_html/store/vendor/laravel/framework/src/Illuminate/Database/Query/Builder.php(3090): Illuminate\\Database\\Query\\Builder->onceWithColumns()
#16 /home/u261892001/domains/bulkbasketindia.com/public_html/store/app/Providers/AppServiceProvider.php(25): Illuminate\\Database\\Query\\Builder->get()
#17 /home/u261892001/domains/bulkbasketindia.com/public_html/store/vendor/laravel/framework/src/Illuminate/Container/BoundMethod.php(36): App\\Providers\\AppServiceProvider->boot()
#18 /home/u261892001/domains/bulkbasketindia.com/public_html/store/vendor/laravel/framework/src/Illuminate/Container/Util.php(43): Illuminate\\Container\\BoundMethod::Illuminate\\Container\\{closure}()
#19 /home/u261892001/domains/bulkbasketindia.com/public_html/store/vendor/laravel/framework/src/Illuminate/Container/BoundMethod.php(95): Illuminate\\Container\\Util::unwrapIfClosure()
#20 /home/u261892001/domains/bulkbasketindia.com/public_html/store/vendor/laravel/framework/src/Illuminate/Container/BoundMethod.php(35): Illuminate\\Container\\BoundMethod::callBoundMethod()
#21 /home/u261892001/domains/bulkbasketindia.com/public_html/store/vendor/laravel/framework/src/Illuminate/Container/Container.php(754): Illuminate\\Container\\BoundMethod::call()
#22 /home/u261892001/domains/bulkbasketindia.com/public_html/store/vendor/laravel/framework/src/Illuminate/Foundation/Application.php(1151): Illuminate\\Container\\Container->call()
#23 /home/u261892001/domains/bulkbasketindia.com/public_html/store/vendor/laravel/framework/src/Illuminate/Foundation/Application.php(1132): Illuminate\\Foundation\\Application->bootProvider()
#24 [internal function]: Illuminate\\Foundation\\Application->Illuminate\\Foundation\\{closure}()
#25 /home/u261892001/domains/bulkbasketindia.com/public_html/store/vendor/laravel/framework/src/Illuminate/Foundation/Application.php(1131): array_walk()
#26 /home/u261892001/domains/bulkbasketindia.com/public_html/store/vendor/laravel/framework/src/Illuminate/Foundation/Bootstrap/BootProviders.php(17): Illuminate\\Foundation\\Application->boot()
#27 /home/u261892001/domains/bulkbasketindia.com/public_html/store/vendor/laravel/framework/src/Illuminate/Foundation/Application.php(342): Illuminate\\Foundation\\Bootstrap\\BootProviders->bootstrap()
#28 /home/u261892001/domains/bulkbasketindia.com/public_html/store/vendor/laravel/framework/src/Illuminate/Foundation/Http/Kernel.php(187): Illuminate\\Foundation\\Application->bootstrapWith()
#29 /home/u261892001/domains/bulkbasketindia.com/public_html/store/vendor/laravel/framework/src/Illuminate/Foundation/Http/Kernel.php(171): Illuminate\\Foundation\\Http\\Kernel->bootstrap()
#30 /home/u261892001/domains/bulkbasketindia.com/public_html/store/vendor/laravel/framework/src/Illuminate/Foundation/Http/Kernel.php(145): Illuminate\\Foundation\\Http\\Kernel->sendRequestThroughRouter()
#31 /home/u261892001/domains/bulkbasketindia.com/public_html/store/vendor/laravel/framework/src/Illuminate/Foundation/Application.php(1220): Illuminate\\Foundation\\Http\\Kernel->handle()
#32 /home/u261892001/domains/bulkbasketindia.com/public_html/store/public/index.php(20): Illuminate\\Foundation\\Application->handleRequest()
#33 {main}
"} 
